<?xml version="1.0" encoding="UTF-8"?>
<!-- Generated by org.testng.reporters.JUnitReportReporter -->
<testsuite hostname="DESKTOP-I3V29VC" failures="0" tests="1" name="loginTestCases.BothIncorrect" time="32.345" errors="0" timestamp="2023-02-01T14:53:44 IST" skipped="0">
  <testcase classname="loginTestCases.BothIncorrect" name="bothIncorrect" time="32.345"/>
  <system-out/>
</testsuite> <!-- loginTestCases.BothIncorrect -->
