<?xml version="1.0" encoding="UTF-8"?>
<!-- Generated by org.testng.reporters.JUnitReportReporter -->
<testsuite hostname="DESKTOP-I3V29VC" failures="0" tests="4" name="loginTestDataFromDataProvider.LoginCredentialsFromDataProvider" time="137.936" errors="0" timestamp="2023-02-01T15:27:05 IST" skipped="0">
  <testcase classname="loginTestDataFromDataProvider.LoginCredentialsFromDataProvider" name="Login" time="63.567"/>
  <system-out/>
  <testcase classname="loginTestDataFromDataProvider.LoginCredentialsFromDataProvider" name="Login" time="26.842"/>
  <system-out/>
  <testcase classname="loginTestDataFromDataProvider.LoginCredentialsFromDataProvider" name="Login" time="23.229"/>
  <system-out/>
  <testcase classname="loginTestDataFromDataProvider.LoginCredentialsFromDataProvider" name="Login" time="24.298"/>
  <system-out/>
</testsuite> <!-- loginTestDataFromDataProvider.LoginCredentialsFromDataProvider -->
